
*** Running vivado
    with args -log test_Mux2To1.vds -m64 -product Vivado -mode batch -messageDb vivado.pb -notrace -source test_Mux2To1.tcl



****** Vivado v2024.2 (64-bit)
  **** SW Build 5239630 on Fri Nov 08 22:35:27 MST 2024
  **** IP Build 5239520 on Sun Nov 10 16:12:51 MST 2024
  **** SharedData Build 5239561 on Fri Nov 08 14:39:27 MST 2024
  **** Start of session at: Mon Jan 27 14:45:01 2025
    ** Copyright 1986-2022 Xilinx, Inc. All Rights Reserved.
    ** Copyright 2022-2024 Advanced Micro Devices, Inc. All Rights Reserved.

source test_Mux2To1.tcl -notrace
WARNING: [Common 17-1361] You have specified a new message control rule that is equivalent to an existing rule with attributes ' -id {17-179}  -suppress '. The existing rule will be replaced.
Command: read_checkpoint -auto_incremental -incremental {C:/Users/kimsv/OneDrive - Mlardalens universitet/Workspace/VivsdoProjects/DVA494_Lab1.2/DVA494_Lab1.2.srcs/utils_1/imports/synth_1/test_Mux2To1.dcp}
INFO: [Vivado 12-5825] Read reference checkpoint from C:/Users/kimsv/OneDrive - Mlardalens universitet/Workspace/VivsdoProjects/DVA494_Lab1.2/DVA494_Lab1.2.srcs/utils_1/imports/synth_1/test_Mux2To1.dcp for incremental synthesis
INFO: [Vivado 12-7989] Please ensure there are no constraint changes
Command: synth_design -top test_Mux2To1 -part xc7a35tcpg236-1
Starting synth_design
Attempting to get a license for feature 'Synthesis' and/or device 'xc7a35t'
INFO: [Common 17-349] Got license for feature 'Synthesis' and/or device 'xc7a35t'
INFO: [Designutils 20-5440] No compile time benefit to using incremental synthesis; A full resynthesis will be run
INFO: [Designutils 20-4379] Flow is switching to default flow due to incremental criteria not met. If you would like to alter this behaviour and have the flow terminate instead, please set the following parameter config_implementation {autoIncr.Synth.RejectBehavior Terminate}
INFO: [Synth 8-7079] Multithreading enabled for synth_design using a maximum of 2 processes.
INFO: [Synth 8-7078] Launching helper process for spawning children vivado processes
WARNING: [Common 17-1361] You have specified a new message control rule that is equivalent to an existing rule with attributes ' -id {17-179}  -suppress '. The existing rule will be replaced.
INFO: [Synth 8-7075] Helper process launched with PID 15412
---------------------------------------------------------------------------------
Starting Synthesize : Time (s): cpu = 00:00:04 ; elapsed = 00:00:05 . Memory (MB): peak = 863.430 ; gain = 471.234
---------------------------------------------------------------------------------
INFO: [Synth 8-638] synthesizing module 'test_Mux2To1' [C:/Users/kimsv/OneDrive - Mlardalens universitet/Workspace/VivsdoProjects/DVA494_Lab1.2/DVA494_Lab1.2.srcs/sources_1/new/Step2.vhd:29]
INFO: [Synth 8-3491] module 'Mux2To1' declared at 'C:/Users/kimsv/OneDrive - Mlardalens universitet/Workspace/VivsdoProjects/DVA494_Lab1.2/DVA494_Lab1.2.srcs/sources_1/new/Step2.vhd:5' bound to instance 'test_instance' of component 'Mux2To1' [C:/Users/kimsv/OneDrive - Mlardalens universitet/Workspace/VivsdoProjects/DVA494_Lab1.2/DVA494_Lab1.2.srcs/sources_1/new/Step2.vhd:40]
INFO: [Synth 8-638] synthesizing module 'Mux2To1' [C:/Users/kimsv/OneDrive - Mlardalens universitet/Workspace/VivsdoProjects/DVA494_Lab1.2/DVA494_Lab1.2.srcs/sources_1/new/Step2.vhd:14]
INFO: [Synth 8-256] done synthesizing module 'Mux2To1' (0#1) [C:/Users/kimsv/OneDrive - Mlardalens universitet/Workspace/VivsdoProjects/DVA494_Lab1.2/DVA494_Lab1.2.srcs/sources_1/new/Step2.vhd:14]
WARNING: [Synth 8-312] ignoring unsynthesizable construct: wait statement with no conditon [C:/Users/kimsv/OneDrive - Mlardalens universitet/Workspace/VivsdoProjects/DVA494_Lab1.2/DVA494_Lab1.2.srcs/sources_1/new/Step2.vhd:46]
WARNING: [Synth 8-312] ignoring unsynthesizable construct: wait statement with no conditon [C:/Users/kimsv/OneDrive - Mlardalens universitet/Workspace/VivsdoProjects/DVA494_Lab1.2/DVA494_Lab1.2.srcs/sources_1/new/Step2.vhd:51]
WARNING: [Synth 8-312] ignoring unsynthesizable construct: wait statement with no conditon [C:/Users/kimsv/OneDrive - Mlardalens universitet/Workspace/VivsdoProjects/DVA494_Lab1.2/DVA494_Lab1.2.srcs/sources_1/new/Step2.vhd:56]
WARNING: [Synth 8-312] ignoring unsynthesizable construct: wait statement with no conditon [C:/Users/kimsv/OneDrive - Mlardalens universitet/Workspace/VivsdoProjects/DVA494_Lab1.2/DVA494_Lab1.2.srcs/sources_1/new/Step2.vhd:61]
WARNING: [Synth 8-312] ignoring unsynthesizable construct: wait statement with no conditon [C:/Users/kimsv/OneDrive - Mlardalens universitet/Workspace/VivsdoProjects/DVA494_Lab1.2/DVA494_Lab1.2.srcs/sources_1/new/Step2.vhd:66]
WARNING: [Synth 8-312] ignoring unsynthesizable construct: wait statement with no conditon [C:/Users/kimsv/OneDrive - Mlardalens universitet/Workspace/VivsdoProjects/DVA494_Lab1.2/DVA494_Lab1.2.srcs/sources_1/new/Step2.vhd:71]
WARNING: [Synth 8-312] ignoring unsynthesizable construct: wait statement with no conditon [C:/Users/kimsv/OneDrive - Mlardalens universitet/Workspace/VivsdoProjects/DVA494_Lab1.2/DVA494_Lab1.2.srcs/sources_1/new/Step2.vhd:76]
INFO: [Synth 8-256] done synthesizing module 'test_Mux2To1' (0#1) [C:/Users/kimsv/OneDrive - Mlardalens universitet/Workspace/VivsdoProjects/DVA494_Lab1.2/DVA494_Lab1.2.srcs/sources_1/new/Step2.vhd:29]
---------------------------------------------------------------------------------
Finished Synthesize : Time (s): cpu = 00:00:06 ; elapsed = 00:00:07 . Memory (MB): peak = 968.086 ; gain = 575.891
---------------------------------------------------------------------------------
---------------------------------------------------------------------------------
Finished Constraint Validation : Time (s): cpu = 00:00:06 ; elapsed = 00:00:07 . Memory (MB): peak = 968.086 ; gain = 575.891
---------------------------------------------------------------------------------
---------------------------------------------------------------------------------
Start Loading Part and Timing Information
---------------------------------------------------------------------------------
Loading part: xc7a35tcpg236-1
---------------------------------------------------------------------------------
Finished Loading Part and Timing Information : Time (s): cpu = 00:00:06 ; elapsed = 00:00:07 . Memory (MB): peak = 968.086 ; gain = 575.891
---------------------------------------------------------------------------------
INFO: [Device 21-403] Loading part xc7a35tcpg236-1
---------------------------------------------------------------------------------
Finished RTL Optimization Phase 2 : Time (s): cpu = 00:00:06 ; elapsed = 00:00:07 . Memory (MB): peak = 968.086 ; gain = 575.891
---------------------------------------------------------------------------------
No constraint files found.
---------------------------------------------------------------------------------
Start RTL Component Statistics 
---------------------------------------------------------------------------------
Detailed RTL Component Info : 
---------------------------------------------------------------------------------
Finished RTL Component Statistics 
---------------------------------------------------------------------------------
---------------------------------------------------------------------------------
Start Part Resource Summary
---------------------------------------------------------------------------------
Part Resources:
DSPs: 90 (col length:60)
BRAMs: 100 (col length: RAMB18 60 RAMB36 30)
---------------------------------------------------------------------------------
Finished Part Resource Summary
---------------------------------------------------------------------------------
No constraint files found.
---------------------------------------------------------------------------------
Start Cross Boundary and Area Optimization
---------------------------------------------------------------------------------
WARNING: [Synth 8-7080] Parallel synthesis criteria is not met
---------------------------------------------------------------------------------
Finished Cross Boundary and Area Optimization : Time (s): cpu = 00:00:10 ; elapsed = 00:00:11 . Memory (MB): peak = 1102.016 ; gain = 709.820
---------------------------------------------------------------------------------
No constraint files found.
---------------------------------------------------------------------------------
Start Timing Optimization
---------------------------------------------------------------------------------
---------------------------------------------------------------------------------
Finished Timing Optimization : Time (s): cpu = 00:00:10 ; elapsed = 00:00:11 . Memory (MB): peak = 1127.000 ; gain = 734.805
---------------------------------------------------------------------------------
---------------------------------------------------------------------------------
Start Technology Mapping
---------------------------------------------------------------------------------
---------------------------------------------------------------------------------
Finished Technology Mapping : Time (s): cpu = 00:00:10 ; elapsed = 00:00:11 . Memory (MB): peak = 1127.000 ; gain = 734.805
---------------------------------------------------------------------------------
---------------------------------------------------------------------------------
Start IO Insertion
---------------------------------------------------------------------------------
---------------------------------------------------------------------------------
Start Flattening Before IO Insertion
---------------------------------------------------------------------------------
---------------------------------------------------------------------------------
Finished Flattening Before IO Insertion
---------------------------------------------------------------------------------
---------------------------------------------------------------------------------
Start Final Netlist Cleanup
---------------------------------------------------------------------------------
---------------------------------------------------------------------------------
Finished Final Netlist Cleanup
---------------------------------------------------------------------------------
---------------------------------------------------------------------------------
Finished IO Insertion : Time (s): cpu = 00:00:13 ; elapsed = 00:00:15 . Memory (MB): peak = 1328.824 ; gain = 936.629
---------------------------------------------------------------------------------
---------------------------------------------------------------------------------
Start Renaming Generated Instances
---------------------------------------------------------------------------------
---------------------------------------------------------------------------------
Finished Renaming Generated Instances : Time (s): cpu = 00:00:13 ; elapsed = 00:00:15 . Memory (MB): peak = 1328.824 ; gain = 936.629
---------------------------------------------------------------------------------
---------------------------------------------------------------------------------
Start Rebuilding User Hierarchy
---------------------------------------------------------------------------------
---------------------------------------------------------------------------------
Finished Rebuilding User Hierarchy : Time (s): cpu = 00:00:13 ; elapsed = 00:00:15 . Memory (MB): peak = 1328.824 ; gain = 936.629
---------------------------------------------------------------------------------
---------------------------------------------------------------------------------
Start Renaming Generated Ports
---------------------------------------------------------------------------------
---------------------------------------------------------------------------------
Finished Renaming Generated Ports : Time (s): cpu = 00:00:13 ; elapsed = 00:00:15 . Memory (MB): peak = 1328.824 ; gain = 936.629
---------------------------------------------------------------------------------
---------------------------------------------------------------------------------
Start Handling Custom Attributes
---------------------------------------------------------------------------------
---------------------------------------------------------------------------------
Finished Handling Custom Attributes : Time (s): cpu = 00:00:13 ; elapsed = 00:00:15 . Memory (MB): peak = 1328.824 ; gain = 936.629
---------------------------------------------------------------------------------
---------------------------------------------------------------------------------
Start Renaming Generated Nets
---------------------------------------------------------------------------------
---------------------------------------------------------------------------------
Finished Renaming Generated Nets : Time (s): cpu = 00:00:13 ; elapsed = 00:00:15 . Memory (MB): peak = 1328.824 ; gain = 936.629
---------------------------------------------------------------------------------
---------------------------------------------------------------------------------
Start Writing Synthesis Report
---------------------------------------------------------------------------------

Report BlackBoxes: 
+-+--------------+----------+
| |BlackBox name |Instances |
+-+--------------+----------+
+-+--------------+----------+

Report Cell Usage: 
+-+-----+------+
| |Cell |Count |
+-+-----+------+
+-+-----+------+

Report Instance Areas: 
+------+---------+-------+------+
|      |Instance |Module |Cells |
+------+---------+-------+------+
|1     |top      |       |     0|
+------+---------+-------+------+
---------------------------------------------------------------------------------
Finished Writing Synthesis Report : Time (s): cpu = 00:00:13 ; elapsed = 00:00:15 . Memory (MB): peak = 1328.824 ; gain = 936.629
---------------------------------------------------------------------------------
Synthesis finished with 0 errors, 0 critical warnings and 9 warnings.
Synthesis Optimization Runtime : Time (s): cpu = 00:00:13 ; elapsed = 00:00:15 . Memory (MB): peak = 1328.824 ; gain = 936.629
Synthesis Optimization Complete : Time (s): cpu = 00:00:13 ; elapsed = 00:00:15 . Memory (MB): peak = 1328.824 ; gain = 936.629
INFO: [Project 1-571] Translating synthesized netlist
Netlist sorting complete. Time (s): cpu = 00:00:00 ; elapsed = 00:00:00 . Memory (MB): peak = 1329.781 ; gain = 0.000
INFO: [Project 1-570] Preparing netlist for logic optimization
INFO: [Opt 31-138] Pushed 0 inverter(s) to 0 load pin(s).
Netlist sorting complete. Time (s): cpu = 00:00:00 ; elapsed = 00:00:00 . Memory (MB): peak = 1453.043 ; gain = 0.000
INFO: [Project 1-111] Unisim Transformation Summary:
No Unisim elements were transformed.

Synth Design complete | Checksum: 7afc4b6
INFO: [Common 17-83] Releasing license: Synthesis
19 Infos, 10 Warnings, 0 Critical Warnings and 0 Errors encountered.
synth_design completed successfully
synth_design: Time (s): cpu = 00:00:15 ; elapsed = 00:00:18 . Memory (MB): peak = 1453.043 ; gain = 1068.059
INFO: [Common 17-1381] The checkpoint 'C:/Users/kimsv/OneDrive - Mlardalens universitet/Workspace/VivsdoProjects/DVA494_Lab1.2/DVA494_Lab1.2.runs/synth_1/test_Mux2To1.dcp' has been generated.
INFO: [Vivado 12-24828] Executing command : report_utilization -file test_Mux2To1_utilization_synth.rpt -pb test_Mux2To1_utilization_synth.pb
INFO: [Common 17-206] Exiting Vivado at Mon Jan 27 14:45:24 2025...
