
*** Running vivado
    with args -log Test_Mux4To1Inst.vds -m64 -product Vivado -mode batch -messageDb vivado.pb -notrace -source Test_Mux4To1Inst.tcl



****** Vivado v2024.2 (64-bit)
  **** SW Build 5239630 on Fri Nov 08 22:35:27 MST 2024
  **** IP Build 5239520 on Sun Nov 10 16:12:51 MST 2024
  **** SharedData Build 5239561 on Fri Nov 08 14:39:27 MST 2024
  **** Start of session at: Fri Jan 31 10:58:46 2025
    ** Copyright 1986-2022 Xilinx, Inc. All Rights Reserved.
    ** Copyright 2022-2024 Advanced Micro Devices, Inc. All Rights Reserved.

source Test_Mux4To1Inst.tcl -notrace
WARNING: [Common 17-1361] You have specified a new message control rule that is equivalent to an existing rule with attributes ' -id {17-179}  -suppress '. The existing rule will be replaced.
Command: synth_design -top Test_Mux4To1Inst -part xc7a35tcpg236-1
Starting synth_design
Attempting to get a license for feature 'Synthesis' and/or device 'xc7a35t'
INFO: [Common 17-349] Got license for feature 'Synthesis' and/or device 'xc7a35t'
INFO: [Synth 8-7079] Multithreading enabled for synth_design using a maximum of 2 processes.
INFO: [Synth 8-7078] Launching helper process for spawning children vivado processes
WARNING: [Common 17-1361] You have specified a new message control rule that is equivalent to an existing rule with attributes ' -id {17-179}  -suppress '. The existing rule will be replaced.
INFO: [Synth 8-7075] Helper process launched with PID 20440
---------------------------------------------------------------------------------
Starting Synthesize : Time (s): cpu = 00:00:05 ; elapsed = 00:00:05 . Memory (MB): peak = 860.184 ; gain = 475.445
---------------------------------------------------------------------------------
INFO: [Synth 8-638] synthesizing module 'Test_Mux4To1Inst' [C:/Users/kimsv/OneDrive - Mlardalens universitet/Workspace/VivsdoProjects/DVA494_Lab1.4/DVA494_Lab1.4.srcs/sources_1/new/Step4.vhd:65]
INFO: [Synth 8-3491] module 'Mux4To1Inst' declared at 'C:/Users/kimsv/OneDrive - Mlardalens universitet/Workspace/VivsdoProjects/DVA494_Lab1.4/DVA494_Lab1.4.srcs/sources_1/new/Step4.vhd:28' bound to instance 'test_instance' of component 'Mux4To1Inst' [C:/Users/kimsv/OneDrive - Mlardalens universitet/Workspace/VivsdoProjects/DVA494_Lab1.4/DVA494_Lab1.4.srcs/sources_1/new/Step4.vhd:79]
INFO: [Synth 8-638] synthesizing module 'Mux4To1Inst' [C:/Users/kimsv/OneDrive - Mlardalens universitet/Workspace/VivsdoProjects/DVA494_Lab1.4/DVA494_Lab1.4.srcs/sources_1/new/Step4.vhd:40]
INFO: [Synth 8-3491] module 'Mux2To1' declared at 'C:/Users/kimsv/OneDrive - Mlardalens universitet/Workspace/VivsdoProjects/DVA494_Lab1.4/DVA494_Lab1.4.srcs/sources_1/new/Step4.vhd:5' bound to instance 'Mux1' of component 'Mux2To1' [C:/Users/kimsv/OneDrive - Mlardalens universitet/Workspace/VivsdoProjects/DVA494_Lab1.4/DVA494_Lab1.4.srcs/sources_1/new/Step4.vhd:53]
INFO: [Synth 8-638] synthesizing module 'Mux2To1' [C:/Users/kimsv/OneDrive - Mlardalens universitet/Workspace/VivsdoProjects/DVA494_Lab1.4/DVA494_Lab1.4.srcs/sources_1/new/Step4.vhd:14]
INFO: [Synth 8-256] done synthesizing module 'Mux2To1' (0#1) [C:/Users/kimsv/OneDrive - Mlardalens universitet/Workspace/VivsdoProjects/DVA494_Lab1.4/DVA494_Lab1.4.srcs/sources_1/new/Step4.vhd:14]
INFO: [Synth 8-3491] module 'Mux2To1' declared at 'C:/Users/kimsv/OneDrive - Mlardalens universitet/Workspace/VivsdoProjects/DVA494_Lab1.4/DVA494_Lab1.4.srcs/sources_1/new/Step4.vhd:5' bound to instance 'Mux2' of component 'Mux2To1' [C:/Users/kimsv/OneDrive - Mlardalens universitet/Workspace/VivsdoProjects/DVA494_Lab1.4/DVA494_Lab1.4.srcs/sources_1/new/Step4.vhd:54]
INFO: [Synth 8-3491] module 'Mux2To1' declared at 'C:/Users/kimsv/OneDrive - Mlardalens universitet/Workspace/VivsdoProjects/DVA494_Lab1.4/DVA494_Lab1.4.srcs/sources_1/new/Step4.vhd:5' bound to instance 'Mux3' of component 'Mux2To1' [C:/Users/kimsv/OneDrive - Mlardalens universitet/Workspace/VivsdoProjects/DVA494_Lab1.4/DVA494_Lab1.4.srcs/sources_1/new/Step4.vhd:55]
INFO: [Synth 8-256] done synthesizing module 'Mux4To1Inst' (0#1) [C:/Users/kimsv/OneDrive - Mlardalens universitet/Workspace/VivsdoProjects/DVA494_Lab1.4/DVA494_Lab1.4.srcs/sources_1/new/Step4.vhd:40]
WARNING: [Synth 8-312] ignoring unsynthesizable construct: wait statement with no conditon [C:/Users/kimsv/OneDrive - Mlardalens universitet/Workspace/VivsdoProjects/DVA494_Lab1.4/DVA494_Lab1.4.srcs/sources_1/new/Step4.vhd:88]
WARNING: [Synth 8-312] ignoring unsynthesizable construct: wait statement with no conditon [C:/Users/kimsv/OneDrive - Mlardalens universitet/Workspace/VivsdoProjects/DVA494_Lab1.4/DVA494_Lab1.4.srcs/sources_1/new/Step4.vhd:96]
WARNING: [Synth 8-312] ignoring unsynthesizable construct: wait statement with no conditon [C:/Users/kimsv/OneDrive - Mlardalens universitet/Workspace/VivsdoProjects/DVA494_Lab1.4/DVA494_Lab1.4.srcs/sources_1/new/Step4.vhd:104]
WARNING: [Synth 8-312] ignoring unsynthesizable construct: wait statement with no conditon [C:/Users/kimsv/OneDrive - Mlardalens universitet/Workspace/VivsdoProjects/DVA494_Lab1.4/DVA494_Lab1.4.srcs/sources_1/new/Step4.vhd:112]
WARNING: [Synth 8-312] ignoring unsynthesizable construct: wait statement with no conditon [C:/Users/kimsv/OneDrive - Mlardalens universitet/Workspace/VivsdoProjects/DVA494_Lab1.4/DVA494_Lab1.4.srcs/sources_1/new/Step4.vhd:120]
WARNING: [Synth 8-312] ignoring unsynthesizable construct: wait statement with no conditon [C:/Users/kimsv/OneDrive - Mlardalens universitet/Workspace/VivsdoProjects/DVA494_Lab1.4/DVA494_Lab1.4.srcs/sources_1/new/Step4.vhd:128]
WARNING: [Synth 8-312] ignoring unsynthesizable construct: wait statement with no conditon [C:/Users/kimsv/OneDrive - Mlardalens universitet/Workspace/VivsdoProjects/DVA494_Lab1.4/DVA494_Lab1.4.srcs/sources_1/new/Step4.vhd:136]
WARNING: [Synth 8-312] ignoring unsynthesizable construct: wait statement with no conditon [C:/Users/kimsv/OneDrive - Mlardalens universitet/Workspace/VivsdoProjects/DVA494_Lab1.4/DVA494_Lab1.4.srcs/sources_1/new/Step4.vhd:144]
WARNING: [Synth 8-312] ignoring unsynthesizable construct: wait statement with no conditon [C:/Users/kimsv/OneDrive - Mlardalens universitet/Workspace/VivsdoProjects/DVA494_Lab1.4/DVA494_Lab1.4.srcs/sources_1/new/Step4.vhd:152]
WARNING: [Synth 8-312] ignoring unsynthesizable construct: wait statement with no conditon [C:/Users/kimsv/OneDrive - Mlardalens universitet/Workspace/VivsdoProjects/DVA494_Lab1.4/DVA494_Lab1.4.srcs/sources_1/new/Step4.vhd:160]
WARNING: [Synth 8-312] ignoring unsynthesizable construct: wait statement with no conditon [C:/Users/kimsv/OneDrive - Mlardalens universitet/Workspace/VivsdoProjects/DVA494_Lab1.4/DVA494_Lab1.4.srcs/sources_1/new/Step4.vhd:168]
WARNING: [Synth 8-312] ignoring unsynthesizable construct: wait statement with no conditon [C:/Users/kimsv/OneDrive - Mlardalens universitet/Workspace/VivsdoProjects/DVA494_Lab1.4/DVA494_Lab1.4.srcs/sources_1/new/Step4.vhd:176]
WARNING: [Synth 8-312] ignoring unsynthesizable construct: wait statement with no conditon [C:/Users/kimsv/OneDrive - Mlardalens universitet/Workspace/VivsdoProjects/DVA494_Lab1.4/DVA494_Lab1.4.srcs/sources_1/new/Step4.vhd:184]
WARNING: [Synth 8-312] ignoring unsynthesizable construct: wait statement with no conditon [C:/Users/kimsv/OneDrive - Mlardalens universitet/Workspace/VivsdoProjects/DVA494_Lab1.4/DVA494_Lab1.4.srcs/sources_1/new/Step4.vhd:192]
INFO: [Synth 8-256] done synthesizing module 'Test_Mux4To1Inst' (0#1) [C:/Users/kimsv/OneDrive - Mlardalens universitet/Workspace/VivsdoProjects/DVA494_Lab1.4/DVA494_Lab1.4.srcs/sources_1/new/Step4.vhd:65]
---------------------------------------------------------------------------------
Finished Synthesize : Time (s): cpu = 00:00:07 ; elapsed = 00:00:07 . Memory (MB): peak = 964.293 ; gain = 579.555
---------------------------------------------------------------------------------
---------------------------------------------------------------------------------
Finished Constraint Validation : Time (s): cpu = 00:00:07 ; elapsed = 00:00:07 . Memory (MB): peak = 964.293 ; gain = 579.555
---------------------------------------------------------------------------------
---------------------------------------------------------------------------------
Start Loading Part and Timing Information
---------------------------------------------------------------------------------
Loading part: xc7a35tcpg236-1
---------------------------------------------------------------------------------
Finished Loading Part and Timing Information : Time (s): cpu = 00:00:07 ; elapsed = 00:00:07 . Memory (MB): peak = 964.293 ; gain = 579.555
---------------------------------------------------------------------------------
INFO: [Device 21-403] Loading part xc7a35tcpg236-1
---------------------------------------------------------------------------------
Finished RTL Optimization Phase 2 : Time (s): cpu = 00:00:07 ; elapsed = 00:00:08 . Memory (MB): peak = 964.293 ; gain = 579.555
---------------------------------------------------------------------------------
No constraint files found.
---------------------------------------------------------------------------------
Start RTL Component Statistics 
---------------------------------------------------------------------------------
Detailed RTL Component Info : 
---------------------------------------------------------------------------------
Finished RTL Component Statistics 
---------------------------------------------------------------------------------
---------------------------------------------------------------------------------
Start Part Resource Summary
---------------------------------------------------------------------------------
Part Resources:
DSPs: 90 (col length:60)
BRAMs: 100 (col length: RAMB18 60 RAMB36 30)
---------------------------------------------------------------------------------
Finished Part Resource Summary
---------------------------------------------------------------------------------
No constraint files found.
---------------------------------------------------------------------------------
Start Cross Boundary and Area Optimization
---------------------------------------------------------------------------------
WARNING: [Synth 8-7080] Parallel synthesis criteria is not met
---------------------------------------------------------------------------------
Finished Cross Boundary and Area Optimization : Time (s): cpu = 00:00:11 ; elapsed = 00:00:11 . Memory (MB): peak = 1101.711 ; gain = 716.973
---------------------------------------------------------------------------------
No constraint files found.
---------------------------------------------------------------------------------
Start Timing Optimization
---------------------------------------------------------------------------------
---------------------------------------------------------------------------------
Finished Timing Optimization : Time (s): cpu = 00:00:11 ; elapsed = 00:00:12 . Memory (MB): peak = 1126.582 ; gain = 741.844
---------------------------------------------------------------------------------
---------------------------------------------------------------------------------
Start Technology Mapping
---------------------------------------------------------------------------------
---------------------------------------------------------------------------------
Finished Technology Mapping : Time (s): cpu = 00:00:11 ; elapsed = 00:00:12 . Memory (MB): peak = 1126.582 ; gain = 741.844
---------------------------------------------------------------------------------
---------------------------------------------------------------------------------
Start IO Insertion
---------------------------------------------------------------------------------
---------------------------------------------------------------------------------
Start Flattening Before IO Insertion
---------------------------------------------------------------------------------
---------------------------------------------------------------------------------
Finished Flattening Before IO Insertion
---------------------------------------------------------------------------------
---------------------------------------------------------------------------------
Start Final Netlist Cleanup
---------------------------------------------------------------------------------
---------------------------------------------------------------------------------
Finished Final Netlist Cleanup
---------------------------------------------------------------------------------
---------------------------------------------------------------------------------
Finished IO Insertion : Time (s): cpu = 00:00:14 ; elapsed = 00:00:15 . Memory (MB): peak = 1328.902 ; gain = 944.164
---------------------------------------------------------------------------------
---------------------------------------------------------------------------------
Start Renaming Generated Instances
---------------------------------------------------------------------------------
---------------------------------------------------------------------------------
Finished Renaming Generated Instances : Time (s): cpu = 00:00:14 ; elapsed = 00:00:15 . Memory (MB): peak = 1328.902 ; gain = 944.164
---------------------------------------------------------------------------------
---------------------------------------------------------------------------------
Start Rebuilding User Hierarchy
---------------------------------------------------------------------------------
---------------------------------------------------------------------------------
Finished Rebuilding User Hierarchy : Time (s): cpu = 00:00:14 ; elapsed = 00:00:15 . Memory (MB): peak = 1328.902 ; gain = 944.164
---------------------------------------------------------------------------------
---------------------------------------------------------------------------------
Start Renaming Generated Ports
---------------------------------------------------------------------------------
---------------------------------------------------------------------------------
Finished Renaming Generated Ports : Time (s): cpu = 00:00:14 ; elapsed = 00:00:15 . Memory (MB): peak = 1328.902 ; gain = 944.164
---------------------------------------------------------------------------------
---------------------------------------------------------------------------------
Start Handling Custom Attributes
---------------------------------------------------------------------------------
---------------------------------------------------------------------------------
Finished Handling Custom Attributes : Time (s): cpu = 00:00:14 ; elapsed = 00:00:15 . Memory (MB): peak = 1328.902 ; gain = 944.164
---------------------------------------------------------------------------------
---------------------------------------------------------------------------------
Start Renaming Generated Nets
---------------------------------------------------------------------------------
---------------------------------------------------------------------------------
Finished Renaming Generated Nets : Time (s): cpu = 00:00:14 ; elapsed = 00:00:15 . Memory (MB): peak = 1328.902 ; gain = 944.164
---------------------------------------------------------------------------------
---------------------------------------------------------------------------------
Start Writing Synthesis Report
---------------------------------------------------------------------------------

Report BlackBoxes: 
+-+--------------+----------+
| |BlackBox name |Instances |
+-+--------------+----------+
+-+--------------+----------+

Report Cell Usage: 
+-+-----+------+
| |Cell |Count |
+-+-----+------+
+-+-----+------+

Report Instance Areas: 
+------+---------+-------+------+
|      |Instance |Module |Cells |
+------+---------+-------+------+
|1     |top      |       |     0|
+------+---------+-------+------+
---------------------------------------------------------------------------------
Finished Writing Synthesis Report : Time (s): cpu = 00:00:14 ; elapsed = 00:00:15 . Memory (MB): peak = 1328.902 ; gain = 944.164
---------------------------------------------------------------------------------
Synthesis finished with 0 errors, 0 critical warnings and 16 warnings.
Synthesis Optimization Runtime : Time (s): cpu = 00:00:14 ; elapsed = 00:00:15 . Memory (MB): peak = 1328.902 ; gain = 944.164
Synthesis Optimization Complete : Time (s): cpu = 00:00:14 ; elapsed = 00:00:15 . Memory (MB): peak = 1328.902 ; gain = 944.164
INFO: [Project 1-571] Translating synthesized netlist
Netlist sorting complete. Time (s): cpu = 00:00:00 ; elapsed = 00:00:00 . Memory (MB): peak = 1329.922 ; gain = 0.000
INFO: [Project 1-570] Preparing netlist for logic optimization
INFO: [Opt 31-138] Pushed 0 inverter(s) to 0 load pin(s).
Netlist sorting complete. Time (s): cpu = 00:00:00 ; elapsed = 00:00:00 . Memory (MB): peak = 1450.629 ; gain = 0.000
INFO: [Project 1-111] Unisim Transformation Summary:
No Unisim elements were transformed.

Synth Design complete | Checksum: a17ee7b6
INFO: [Common 17-83] Releasing license: Synthesis
20 Infos, 17 Warnings, 0 Critical Warnings and 0 Errors encountered.
synth_design completed successfully
synth_design: Time (s): cpu = 00:00:16 ; elapsed = 00:00:18 . Memory (MB): peak = 1450.629 ; gain = 1066.887
INFO: [Common 17-1381] The checkpoint 'C:/Users/kimsv/OneDrive - Mlardalens universitet/Workspace/VivsdoProjects/DVA494_Lab1.4/DVA494_Lab1.4.runs/synth_1/Test_Mux4To1Inst.dcp' has been generated.
INFO: [Vivado 12-24828] Executing command : report_utilization -file Test_Mux4To1Inst_utilization_synth.rpt -pb Test_Mux4To1Inst_utilization_synth.pb
INFO: [Common 17-206] Exiting Vivado at Fri Jan 31 10:59:10 2025...
